'android' 不是内部或外部命令，也不是可运行的程序
或批处理文件。
'ant' 不是内部或外部命令，也不是可运行的程序
或批处理文件。
adb: error: failed to get feature set: no devices/emulators found
error: no devices/emulators found
'android' 不是内部或外部命令，也不是可运行的程序
或批处理文件。
'ant' 不是内部或外部命令，也不是可运行的程序
或批处理文件。
adb: error: failed to get feature set: no devices/emulators found
error: no devices/emulators found
'android' 不是内部或外部命令，也不是可运行的程序
或批处理文件。
'ant' 不是内部或外部命令，也不是可运行的程序
或批处理文件。
adb: error: failed to get feature set: no devices/emulators found
error: no devices/emulators found
'android' 锟斤拷锟斤拷锟节诧拷锟斤拷锟解部锟斤拷锟筋，也锟斤拷锟角匡拷锟斤拷锟叫的筹拷锟斤拷
锟斤拷锟斤拷锟斤拷锟斤拷锟侥硷拷锟斤拷
'ant' 锟斤拷锟斤拷锟节诧拷锟斤拷锟解部锟斤拷锟筋，也锟斤拷锟角匡拷锟斤拷锟叫的筹拷锟斤拷
锟斤拷锟斤拷锟斤拷锟斤拷锟侥硷拷锟斤拷
adb: error: failed to get feature set: no devices/emulators found
error: no devices/emulators found
'android' 锟斤拷锟斤拷锟节诧拷锟斤拷锟解部锟斤拷锟筋，也锟斤拷锟角匡拷锟斤拷锟叫的筹拷锟斤拷
锟斤拷锟斤拷锟斤拷锟斤拷锟侥硷拷锟斤拷
'ant' 锟斤拷锟斤拷锟节诧拷锟斤拷锟解部锟斤拷锟筋，也锟斤拷锟角匡拷锟斤拷锟叫的筹拷锟斤拷
锟斤拷锟斤拷锟斤拷锟斤拷锟侥硷拷锟斤拷
adb: error: failed to get feature set: no devices/emulators found
error: no devices/emulators found
